\BOOKMARK [1][-]{section.1}{Introduction}{}% 1
\BOOKMARK [1][-]{section.2}{Literature}{}% 2
\BOOKMARK [2][-]{subsection.2.1}{Related Work}{section.2}% 3
\BOOKMARK [1][-]{section.3}{Electoral Systems}{}% 4
\BOOKMARK [2][-]{subsection.3.1}{S: Number of seats}{section.3}% 5
\BOOKMARK [2][-]{subsection.3.2}{: Number of votes per voter}{section.3}% 6
\BOOKMARK [2][-]{subsection.3.3}{q: Cumulation parameter}{section.3}% 7
\BOOKMARK [2][-]{subsection.3.4}{a: Abstention threshold}{section.3}% 8
\BOOKMARK [2][-]{subsection.3.5}{f: Electoral formula}{section.3}% 9
\BOOKMARK [2][-]{subsection.3.6}{Examples}{section.3}% 10
\BOOKMARK [1][-]{section.4}{The Model}{}% 11
\BOOKMARK [2][-]{subsection.4.1}{The Policy Space}{section.4}% 12
\BOOKMARK [2][-]{subsection.4.2}{The Competitors}{section.4}% 13
\BOOKMARK [2][-]{subsection.4.3}{The Voters}{section.4}% 14
\BOOKMARK [2][-]{subsection.4.4}{Voting Procedure}{section.4}% 15
\BOOKMARK [2][-]{subsection.4.5}{Electoral Formulas}{section.4}% 16
\BOOKMARK [3][-]{subsubsection.4.5.1}{Plurality Rule: Competitors are candidates.}{subsection.4.5}% 17
\BOOKMARK [3][-]{subsubsection.4.5.2}{Proportional Rule}{subsection.4.5}% 18
\BOOKMARK [2][-]{subsection.4.6}{Model Procedure}{section.4}% 19
\BOOKMARK [1][-]{section.5}{Results}{}% 20
\BOOKMARK [1][-]{section.6}{Conclusion}{}% 21
